[21:25:28] 检测到上次异常退出
[21:25:28] 版本队列为空
[21:25:28] 无可回退版本，使用当前 app.py
[21:25:28] 
[21:25:28] ==================================================
[21:25:28]   AutoUpdate 服务器已启动
[21:25:28]   地址: http://localhost:9876
[21:25:28]   目录: E:\Code\ReOri
[21:25:28]   源:   https://github.com/Re-Ori/Re-Ori.github.io
[21:25:28]   冷却: 60s（访问时触发）
[21:25:28]   ⚠️⚠️⚠️ 自动同步已禁用（AutoUpdate.disabled）⚠️⚠️⚠️
[21:25:28] ==================================================
[21:25:28] 
[21:25:35] 检查 GitHub 更新…
[21:25:35] → GET / HTTP/1.1  200 (-)
[21:25:35] ⚠️ AutoUpdate.disabled 存在，自动同步已禁用
[21:25:35] → GET /api/ping HTTP/1.1  200 (-)
[21:25:36] ⛔ 自动同步已禁用（存在 AutoUpdate.disabled 文件）
[21:25:36] → GET /api/github-proxy/repos/Re-Ori/Re-Ori.github.io HTTP/1.1  200 (-)
[22:43:52] 检查 GitHub 更新…
[22:43:52] → GET /api/short-links HTTP/1.1  200 (-)
[22:43:52] ⚠️ AutoUpdate.disabled 存在，自动同步已禁用
[22:43:53] → POST /api/short-link HTTP/1.1  200 (-)
[22:43:53] ⛔ 自动同步已禁用（存在 AutoUpdate.disabled 文件）
